<?xml version="1.0" encoding="UTF-8"?>
<testng-results ignored="2" total="4" passed="0" failed="2" skipped="0">
  <reporter-output>
  </reporter-output>
  <suite started-at="2021-07-17T04:36:34Z" name="SmokeTest" finished-at="2021-07-17T04:37:23Z" duration-ms="48959">
    <groups>
    </groups>
    <test started-at="2021-07-17T04:36:34Z" name="SmokeTest" finished-at="2021-07-17T04:37:23Z" duration-ms="48959">
      <class name="com.webauto.suite.BlackPearl">
        <test-method is-config="true" signature="startReport()[pri:0, instance:com.webauto.suite.BlackPearl@76505305]" started-at="2021-07-17T04:36:34Z" name="startReport" finished-at="2021-07-17T04:36:34Z" duration-ms="380" status="PASS">
          <reporter-output>
          </reporter-output>
        </test-method> <!-- startReport -->
        <test-method is-config="true" signature="setUpMethod()[pri:0, instance:com.webauto.suite.BlackPearl@76505305]" started-at="2021-07-17T04:36:35Z" name="setUpMethod" finished-at="2021-07-17T04:36:39Z" duration-ms="3612" status="PASS">
          <reporter-output>
          </reporter-output>
        </test-method> <!-- setUpMethod -->
        <test-method signature="verifyHotelBooking(com.webauto.framework.baseinfo.Application)[pri:0, instance:com.webauto.suite.BlackPearl@76505305]" started-at="2021-07-17T04:36:39Z" name="verifyHotelBooking" data-provider="AutoTestData_Provider" finished-at="2021-07-17T04:36:59Z" duration-ms="20396" status="FAIL">
          <params>
            <param index="0">
              <value>
                <![CDATA[com.webauto.framework.baseinfo.Application@42d9e8d2]]>
              </value>
            </param>
          </params>
          <exception class="java.lang.AssertionError">
            <message>
              <![CDATA[Unable to find element: By.xpath: (//input[@id='search-input']]]>
            </message>
            <full-stacktrace>
              <![CDATA[java.lang.AssertionError: Unable to find element: By.xpath: (//input[@id='search-input']
at org.junit.Assert.fail(Assert.java:88)
at org.junit.Assert.assertTrue(Assert.java:41)
at com.webauto.framework.ui.controls.Control.assertExists(Control.java:118)
at com.webauto.suite.BlackPearl.verifyHotelBooking_TC(BlackPearl.java:37)
at com.webauto.suite.BlackPearl.verifyHotelBooking(BlackPearl.java:29)
at java.base/jdk.internal.reflect.NativeMethodAccessorImpl.invoke0(Native Method)
at java.base/jdk.internal.reflect.NativeMethodAccessorImpl.invoke(NativeMethodAccessorImpl.java:78)
at java.base/jdk.internal.reflect.DelegatingMethodAccessorImpl.invoke(DelegatingMethodAccessorImpl.java:43)
at java.base/java.lang.reflect.Method.invoke(Method.java:567)
at org.testng.internal.MethodInvocationHelper.invokeMethod(MethodInvocationHelper.java:124)
at org.testng.internal.Invoker.invokeMethod(Invoker.java:580)
at org.testng.internal.Invoker.invokeTestMethod(Invoker.java:716)
at org.testng.internal.Invoker.invokeTestMethods(Invoker.java:988)
at org.testng.internal.TestMethodWorker.invokeTestMethods(TestMethodWorker.java:125)
at org.testng.internal.TestMethodWorker.run(TestMethodWorker.java:109)
at org.testng.TestRunner.privateRun(TestRunner.java:648)
at org.testng.TestRunner.run(TestRunner.java:505)
at org.testng.SuiteRunner.runTest(SuiteRunner.java:455)
at org.testng.SuiteRunner.runSequentially(SuiteRunner.java:450)
at org.testng.SuiteRunner.privateRun(SuiteRunner.java:415)
at org.testng.SuiteRunner.run(SuiteRunner.java:364)
at org.testng.SuiteRunnerWorker.runSuite(SuiteRunnerWorker.java:52)
at org.testng.SuiteRunnerWorker.run(SuiteRunnerWorker.java:84)
at org.testng.TestNG.runSuitesSequentially(TestNG.java:1208)
at org.testng.TestNG.runSuitesLocally(TestNG.java:1137)
at org.testng.TestNG.runSuites(TestNG.java:1049)
at org.testng.TestNG.run(TestNG.java:1017)
at org.apache.maven.surefire.testng.TestNGExecutor.run(TestNGExecutor.java:282)
at org.apache.maven.surefire.testng.TestNGXmlTestSuite.execute(TestNGXmlTestSuite.java:83)
at org.apache.maven.surefire.testng.TestNGProvider.invoke(TestNGProvider.java:114)
at org.apache.maven.surefire.booter.ForkedBooter.invokeProviderInSameClassLoader(ForkedBooter.java:286)
at org.apache.maven.surefire.booter.ForkedBooter.runSuitesInProcess(ForkedBooter.java:240)
at org.apache.maven.surefire.booter.ForkedBooter.main(ForkedBooter.java:121)
]]>
            </full-stacktrace>
          </exception> <!-- java.lang.AssertionError -->
          <reporter-output>
          </reporter-output>
        </test-method> <!-- verifyHotelBooking -->
        <test-method is-config="true" signature="getResult(org.testng.ITestResult)[pri:0, instance:com.webauto.suite.BlackPearl@76505305]" started-at="2021-07-17T04:36:59Z" name="getResult" finished-at="2021-07-17T04:37:00Z" duration-ms="868" status="PASS">
          <params>
            <param index="0">
              <value>
                <![CDATA[[TestResult name=verifyHotelBooking status=FAILURE method=BlackPearl.verifyHotelBooking(com.webauto.framework.baseinfo.Application)[pri:0, instance:com.webauto.suite.BlackPearl@76505305] output={null}]]]>
              </value>
            </param>
          </params>
          <reporter-output>
          </reporter-output>
        </test-method> <!-- getResult -->
        <test-method is-config="true" signature="setUpMethod()[pri:0, instance:com.webauto.suite.BlackPearl@76505305]" started-at="2021-07-17T04:37:00Z" name="setUpMethod" finished-at="2021-07-17T04:37:03Z" duration-ms="2503" status="PASS">
          <reporter-output>
          </reporter-output>
        </test-method> <!-- setUpMethod -->
        <test-method signature="verifyHotelBooking(com.webauto.framework.baseinfo.Application)[pri:0, instance:com.webauto.suite.BlackPearl@76505305]" started-at="2021-07-17T04:37:03Z" name="verifyHotelBooking" data-provider="AutoTestData_Provider" finished-at="2021-07-17T04:37:23Z" duration-ms="20119" status="FAIL">
          <params>
            <param index="0">
              <value>
                <![CDATA[com.webauto.framework.baseinfo.Application@736b21ee]]>
              </value>
            </param>
          </params>
          <exception class="java.lang.AssertionError">
            <message>
              <![CDATA[Unable to find element: By.xpath: (//input[@id='search-input']]]>
            </message>
            <full-stacktrace>
              <![CDATA[java.lang.AssertionError: Unable to find element: By.xpath: (//input[@id='search-input']
at org.junit.Assert.fail(Assert.java:88)
at org.junit.Assert.assertTrue(Assert.java:41)
at com.webauto.framework.ui.controls.Control.assertExists(Control.java:118)
at com.webauto.suite.BlackPearl.verifyHotelBooking_TC(BlackPearl.java:37)
at com.webauto.suite.BlackPearl.verifyHotelBooking(BlackPearl.java:29)
at java.base/jdk.internal.reflect.NativeMethodAccessorImpl.invoke0(Native Method)
at java.base/jdk.internal.reflect.NativeMethodAccessorImpl.invoke(NativeMethodAccessorImpl.java:78)
at java.base/jdk.internal.reflect.DelegatingMethodAccessorImpl.invoke(DelegatingMethodAccessorImpl.java:43)
at java.base/java.lang.reflect.Method.invoke(Method.java:567)
at org.testng.internal.MethodInvocationHelper.invokeMethod(MethodInvocationHelper.java:124)
at org.testng.internal.Invoker.invokeMethod(Invoker.java:580)
at org.testng.internal.Invoker.invokeTestMethod(Invoker.java:716)
at org.testng.internal.Invoker.invokeTestMethods(Invoker.java:988)
at org.testng.internal.TestMethodWorker.invokeTestMethods(TestMethodWorker.java:125)
at org.testng.internal.TestMethodWorker.run(TestMethodWorker.java:109)
at org.testng.TestRunner.privateRun(TestRunner.java:648)
at org.testng.TestRunner.run(TestRunner.java:505)
at org.testng.SuiteRunner.runTest(SuiteRunner.java:455)
at org.testng.SuiteRunner.runSequentially(SuiteRunner.java:450)
at org.testng.SuiteRunner.privateRun(SuiteRunner.java:415)
at org.testng.SuiteRunner.run(SuiteRunner.java:364)
at org.testng.SuiteRunnerWorker.runSuite(SuiteRunnerWorker.java:52)
at org.testng.SuiteRunnerWorker.run(SuiteRunnerWorker.java:84)
at org.testng.TestNG.runSuitesSequentially(TestNG.java:1208)
at org.testng.TestNG.runSuitesLocally(TestNG.java:1137)
at org.testng.TestNG.runSuites(TestNG.java:1049)
at org.testng.TestNG.run(TestNG.java:1017)
at org.apache.maven.surefire.testng.TestNGExecutor.run(TestNGExecutor.java:282)
at org.apache.maven.surefire.testng.TestNGXmlTestSuite.execute(TestNGXmlTestSuite.java:83)
at org.apache.maven.surefire.testng.TestNGProvider.invoke(TestNGProvider.java:114)
at org.apache.maven.surefire.booter.ForkedBooter.invokeProviderInSameClassLoader(ForkedBooter.java:286)
at org.apache.maven.surefire.booter.ForkedBooter.runSuitesInProcess(ForkedBooter.java:240)
at org.apache.maven.surefire.booter.ForkedBooter.main(ForkedBooter.java:121)
]]>
            </full-stacktrace>
          </exception> <!-- java.lang.AssertionError -->
          <reporter-output>
          </reporter-output>
        </test-method> <!-- verifyHotelBooking -->
        <test-method is-config="true" signature="getResult(org.testng.ITestResult)[pri:0, instance:com.webauto.suite.BlackPearl@76505305]" started-at="2021-07-17T04:37:23Z" name="getResult" finished-at="2021-07-17T04:37:23Z" duration-ms="505" status="PASS">
          <params>
            <param index="0">
              <value>
                <![CDATA[[TestResult name=verifyHotelBooking status=FAILURE method=BlackPearl.verifyHotelBooking(com.webauto.framework.baseinfo.Application)[pri:0, instance:com.webauto.suite.BlackPearl@76505305] output={null}]]]>
              </value>
            </param>
          </params>
          <reporter-output>
          </reporter-output>
        </test-method> <!-- getResult -->
        <test-method is-config="true" signature="tearDown()[pri:0, instance:com.webauto.suite.BlackPearl@76505305]" started-at="2021-07-17T04:37:23Z" name="tearDown" finished-at="2021-07-17T04:37:23Z" duration-ms="71" status="PASS">
          <reporter-output>
          </reporter-output>
        </test-method> <!-- tearDown -->
      </class> <!-- com.webauto.suite.BlackPearl -->
    </test> <!-- SmokeTest -->
  </suite> <!-- SmokeTest -->
</testng-results>
